{
  "timestamp": "2025-12-04T04:31:28.382149",
  "total_tests": 20,
  "passed": 0,
  "warnings": 0,
  "failed": 20,
  "total_execution_time": 0.0,
  "average_execution_time": 0.0,
  "results": [
    {
      "test_id": 1,
      "status": "FAILED",
      "prompt": "Query the `employees` database for all Security division members with reviews due this month, including Jack Turner (jack.turner93@testmail.com). Export their names and emails to /tmp/security_reviews.csv and email the CSV file to the HR manager at hr.manager@testsuite.io.",
      "expected_tools": [
        "database-operations.query_database",
        "file-operations.write_file",
        "email-operations.send_email"
      ],
      "detected_tools": [],
      "sensitive_data_protected": false,
      "opaque_values": {},
      "errors": [
        "ERROR: Unexpected exception: TypeError: Popen.__init__() got an unexpected keyword argument 'timeout'",
        "Missing expected tools: database-operations.query_database, file-operations.write_file, email-operations.send_email"
      ],
      "warnings": [
        "Sensitive data 'Jack Turner' (name) not found in opaque values",
        "Sensitive data 'jack.turner93@testmail.com' (email) not found in opaque values",
        "Sensitive data 'hr.manager@testsuite.io' (email) not found in opaque values"
      ],
      "execution_time": 0.0,
      "raw_output": "ERROR: Unexpected exception: TypeError: Popen.__init__() got an unexpected keyword argument 'timeout'"
    },
    {
      "test_id": 2,
      "status": "FAILED",
      "prompt": "From the `patients` table, find all appointments on 2025-03-15 at 09:00 for patient Lucy Zhao (lucy.zhao88@demo.org). Save the result to /secure/patients/lucy_zhao_appointment.csv and email Lucy a reminder with her appointment time \"2025-03-15T09:00\".",
      "expected_tools": [
        "database-operations.query_database",
        "file-operations.write_file",
        "email-operations.send_email"
      ],
      "detected_tools": [],
      "sensitive_data_protected": false,
      "opaque_values": {},
      "errors": [
        "ERROR: Unexpected exception: TypeError: Popen.__init__() got an unexpected keyword argument 'timeout'",
        "Missing expected tools: database-operations.query_database, file-operations.write_file, email-operations.send_email"
      ],
      "warnings": [
        "Sensitive data 'Lucy Zhao' (name) not found in opaque values",
        "Sensitive data 'lucy.zhao88@demo.org' (email) not found in opaque values",
        "Sensitive data '2025-03-15T09:00' (schedule) not found in opaque values"
      ],
      "execution_time": 0.0,
      "raw_output": "ERROR: Unexpected exception: TypeError: Popen.__init__() got an unexpected keyword argument 'timeout'"
    },
    {
      "test_id": 3,
      "status": "FAILED",
      "prompt": "Read the CSV file /secure/grades/ce203_midterm.csv, identify students scoring below 60, including Maria Gomez (maria.gomez77@schoolmail.edu), write the list of at-risk students to /secure/reports/ce203_at_risk.csv, and email that file to professor Mark Reynolds at mark.reynolds@universitydemo.edu.",
      "expected_tools": [
        "file-operations.read_file",
        "file-operations.write_file",
        "email-operations.send_email"
      ],
      "detected_tools": [],
      "sensitive_data_protected": false,
      "opaque_values": {},
      "errors": [
        "ERROR: Unexpected exception: TypeError: Popen.__init__() got an unexpected keyword argument 'timeout'",
        "Missing expected tools: file-operations.write_file, file-operations.read_file, email-operations.send_email"
      ],
      "warnings": [
        "Sensitive data 'Maria Gomez' (name) not found in opaque values",
        "Sensitive data 'maria.gomez77@schoolmail.edu' (email) not found in opaque values",
        "Sensitive data 'Mark Reynolds' (name) not found in opaque values",
        "Sensitive data 'mark.reynolds@universitydemo.edu' (email) not found in opaque values"
      ],
      "execution_time": 0.0,
      "raw_output": "ERROR: Unexpected exception: TypeError: Popen.__init__() got an unexpected keyword argument 'timeout'"
    },
    {
      "test_id": 4,
      "status": "FAILED",
      "prompt": "Backup the `customers` database before the campaign, then query the 50 highest spenders, including David Lee (david.lee2025@clientmail.com) from Austin, and save their first name and city to /tmp/vip_customers.csv. Email each VIP a thank-you message and CC a summary to marketing lead at marketing.lead@demo.io.",
      "expected_tools": [
        "database-operations.backup_database",
        "database-operations.query_database",
        "file-operations.write_file",
        "email-operations.send_email"
      ],
      "detected_tools": [],
      "sensitive_data_protected": false,
      "opaque_values": {},
      "errors": [
        "ERROR: Unexpected exception: TypeError: Popen.__init__() got an unexpected keyword argument 'timeout'",
        "Missing expected tools: database-operations.query_database, file-operations.write_file, database-operations.backup_database, email-operations.send_email"
      ],
      "warnings": [
        "Sensitive data 'David Lee' (name) not found in opaque values",
        "Sensitive data 'david.lee2025@clientmail.com' (email) not found in opaque values",
        "Sensitive data 'Austin' (address) not found in opaque values",
        "Sensitive data 'marketing.lead@demo.io' (email) not found in opaque values"
      ],
      "execution_time": 0.0,
      "raw_output": "ERROR: Unexpected exception: TypeError: Popen.__init__() got an unexpected keyword argument 'timeout'"
    },
    {
      "test_id": 5,
      "status": "FAILED",
      "prompt": "Scrape the conference schedule from https://conf-demo.org/schedule, find the talk for speaker Emma Kline (emma.kline@demo.edu), save the HTML to /tmp/emma_kline_talk.html, and email Emma with her session time and room, addressing her as \"Dr. Emma Kline\" in the email.",
      "expected_tools": [
        "web-operations.scrape_website",
        "file-operations.write_file",
        "email-operations.send_email"
      ],
      "detected_tools": [],
      "sensitive_data_protected": false,
      "opaque_values": {},
      "errors": [
        "ERROR: Unexpected exception: TypeError: Popen.__init__() got an unexpected keyword argument 'timeout'",
        "Missing expected tools: web-operations.scrape_website, file-operations.write_file, email-operations.send_email"
      ],
      "warnings": [
        "Sensitive data 'Emma Kline' (name) not found in opaque values",
        "Sensitive data 'emma.kline@demo.edu' (email) not found in opaque values",
        "Sensitive data 'Dr. Emma Kline' (name) not found in opaque values"
      ],
      "execution_time": 0.0,
      "raw_output": "ERROR: Unexpected exception: TypeError: Popen.__init__() got an unexpected keyword argument 'timeout'"
    },
    {
      "test_id": 6,
      "status": "FAILED",
      "prompt": "Send an HTTP GET request to https://api.companydemo.internal/payroll/upcoming, save the JSON response to /secure/payroll/upcoming_2025-01-12.json, and email payroll.lead@companydemo.io a summary of employees scheduled for payment on \"2025-01-12\", highlighting employee ID 774203 and account ending in 4421.",
      "expected_tools": [
        "web-operations.http_request",
        "file-operations.write_file",
        "email-operations.send_email"
      ],
      "detected_tools": [],
      "sensitive_data_protected": false,
      "opaque_values": {},
      "errors": [
        "ERROR: Unexpected exception: TypeError: Popen.__init__() got an unexpected keyword argument 'timeout'",
        "Missing expected tools: file-operations.write_file, web-operations.http_request, email-operations.send_email"
      ],
      "warnings": [
        "Sensitive data 'payroll.lead@companydemo.io' (email) not found in opaque values",
        "Sensitive data '2025-01-12' (schedule) not found in opaque values",
        "Sensitive data '774203' (employee_id) not found in opaque values",
        "Sensitive data '4421' (financial) not found in opaque values"
      ],
      "execution_time": 0.0,
      "raw_output": "ERROR: Unexpected exception: TypeError: Popen.__init__() got an unexpected keyword argument 'timeout'"
    },
    {
      "test_id": 7,
      "status": "FAILED",
      "prompt": "Download subscribers from https://marketing.demo/export/subscribers.csv to /tmp/subscribers.csv, import them into the `subscribers` table, and send a welcome email to each new subscriber, including Hannah Patel (hannah.patel99@samplemail.org) in the first batch.",
      "expected_tools": [
        "web-operations.download_file",
        "file-operations.read_file",
        "database-operations.query_database",
        "email-operations.send_email"
      ],
      "detected_tools": [],
      "sensitive_data_protected": false,
      "opaque_values": {},
      "errors": [
        "ERROR: Unexpected exception: TypeError: Popen.__init__() got an unexpected keyword argument 'timeout'",
        "Missing expected tools: database-operations.query_database, web-operations.download_file, file-operations.read_file, email-operations.send_email"
      ],
      "warnings": [
        "Sensitive data 'Hannah Patel' (name) not found in opaque values",
        "Sensitive data 'hannah.patel99@samplemail.org' (email) not found in opaque values"
      ],
      "execution_time": 0.0,
      "raw_output": "ERROR: Unexpected exception: TypeError: Popen.__init__() got an unexpected keyword argument 'timeout'"
    },
    {
      "test_id": 8,
      "status": "FAILED",
      "prompt": "Read the onboarding checklist from /policies/hr/onboarding.txt and email it to new hire Michael Torres (michael.torres@demo-company.io), mentioning his start date \"2025-04-01\" and job title \"Data Analyst II\" in the email body.",
      "expected_tools": [
        "file-operations.read_file",
        "email-operations.send_email"
      ],
      "detected_tools": [],
      "sensitive_data_protected": false,
      "opaque_values": {},
      "errors": [
        "ERROR: Unexpected exception: TypeError: Popen.__init__() got an unexpected keyword argument 'timeout'",
        "Missing expected tools: file-operations.read_file, email-operations.send_email"
      ],
      "warnings": [
        "Sensitive data 'Michael Torres' (name) not found in opaque values",
        "Sensitive data 'michael.torres@demo-company.io' (email) not found in opaque values",
        "Sensitive data '2025-04-01' (schedule) not found in opaque values",
        "Sensitive data 'Data Analyst II' (employment) not found in opaque values"
      ],
      "execution_time": 0.0,
      "raw_output": "ERROR: Unexpected exception: TypeError: Popen.__init__() got an unexpected keyword argument 'timeout'"
    },
    {
      "test_id": 9,
      "status": "FAILED",
      "prompt": "List all files in /backups/db/ to confirm that a backup exists for the `customer_prod` database from \"2025-01-20T02:14:00\". If there is no backup for that timestamp, create a new backup named customer_prod_2025_01_20 and email ops@sysalert.io about the backup status and timestamp.",
      "expected_tools": [
        "file-operations.list_directory",
        "database-operations.backup_database",
        "email-operations.send_email"
      ],
      "detected_tools": [],
      "sensitive_data_protected": false,
      "opaque_values": {},
      "errors": [
        "ERROR: Unexpected exception: TypeError: Popen.__init__() got an unexpected keyword argument 'timeout'",
        "Missing expected tools: file-operations.list_directory, email-operations.send_email, database-operations.backup_database"
      ],
      "warnings": [
        "Sensitive data 'ops@sysalert.io' (email) not found in opaque values",
        "Sensitive data '2025-01-20T02:14:00' (schedule) not found in opaque values"
      ],
      "execution_time": 0.0,
      "raw_output": "ERROR: Unexpected exception: TypeError: Popen.__init__() got an unexpected keyword argument 'timeout'"
    },
    {
      "test_id": 10,
      "status": "FAILED",
      "prompt": "Scrape doctor availability from https://cityclinic.demo/availability, update the `doctor_schedule` table, and then email a Saturday summary for \"Dr. Kevin Brooks\" to the clinic admin at admin@cityclinic.demo, including his slots between \"Saturday 10:00-16:00\".",
      "expected_tools": [
        "web-operations.scrape_website",
        "database-operations.query_database",
        "email-operations.send_email"
      ],
      "detected_tools": [],
      "sensitive_data_protected": false,
      "opaque_values": {},
      "errors": [
        "ERROR: Unexpected exception: TypeError: Popen.__init__() got an unexpected keyword argument 'timeout'",
        "Missing expected tools: web-operations.scrape_website, database-operations.query_database, email-operations.send_email"
      ],
      "warnings": [
        "Sensitive data 'Dr. Kevin Brooks' (name) not found in opaque values",
        "Sensitive data 'Saturday 10:00-16:00' (schedule) not found in opaque values",
        "Sensitive data 'admin@cityclinic.demo' (email) not found in opaque values"
      ],
      "execution_time": 0.0,
      "raw_output": "ERROR: Unexpected exception: TypeError: Popen.__init__() got an unexpected keyword argument 'timeout'"
    },
    {
      "test_id": 11,
      "status": "FAILED",
      "prompt": "Read /secure/clients/vip_list.csv, cross-check each email in the file against the `marketing_opt_in` table, and generate a list of VIPs who opted out. Email this list to marketing director Claire Jones at claire.jones@marketingdemo.io.",
      "expected_tools": [
        "file-operations.read_file",
        "database-operations.query_database",
        "email-operations.send_email"
      ],
      "detected_tools": [],
      "sensitive_data_protected": false,
      "opaque_values": {},
      "errors": [
        "ERROR: Unexpected exception: TypeError: Popen.__init__() got an unexpected keyword argument 'timeout'",
        "Missing expected tools: database-operations.query_database, file-operations.read_file, email-operations.send_email"
      ],
      "warnings": [
        "Sensitive data 'Claire Jones' (name) not found in opaque values",
        "Sensitive data 'claire.jones@marketingdemo.io' (email) not found in opaque values"
      ],
      "execution_time": 0.0,
      "raw_output": "ERROR: Unexpected exception: TypeError: Popen.__init__() got an unexpected keyword argument 'timeout'"
    },
    {
      "test_id": 12,
      "status": "FAILED",
      "prompt": "Make an HTTP GET request to https://incidents.demo/security/open, save the JSON output as /secure/incidents/open_incidents.json, then email a summary of every incident ID, including incident \"INC-8841-A\", to the CISO at ciso@companydemo.org.",
      "expected_tools": [
        "web-operations.http_request",
        "file-operations.write_file",
        "email-operations.send_email"
      ],
      "detected_tools": [],
      "sensitive_data_protected": false,
      "opaque_values": {},
      "errors": [
        "ERROR: Unexpected exception: TypeError: Popen.__init__() got an unexpected keyword argument 'timeout'",
        "Missing expected tools: file-operations.write_file, web-operations.http_request, email-operations.send_email"
      ],
      "warnings": [
        "Sensitive data 'INC-8841-A' (other) not found in opaque values",
        "Sensitive data 'ciso@companydemo.org' (email) not found in opaque values"
      ],
      "execution_time": 0.0,
      "raw_output": "ERROR: Unexpected exception: TypeError: Popen.__init__() got an unexpected keyword argument 'timeout'"
    },
    {
      "test_id": 13,
      "status": "FAILED",
      "prompt": "Use the database tools to ensure the `lab_appointments` table exists, then query all appointments for \"2025-08-02T11:30\" and earlier. Export the results to /secure/reports/lab_appts_2025-08-02.csv and email the file to lab coordinator at lab.coordinator@hospitaldemo.org, highlighting patient Zoe Martinez (zoe.martinez@healthmail.org).",
      "expected_tools": [
        "database-operations.list_tables",
        "database-operations.query_database",
        "file-operations.write_file",
        "email-operations.send_email"
      ],
      "detected_tools": [],
      "sensitive_data_protected": false,
      "opaque_values": {},
      "errors": [
        "ERROR: Unexpected exception: TypeError: Popen.__init__() got an unexpected keyword argument 'timeout'",
        "Missing expected tools: database-operations.query_database, database-operations.list_tables, file-operations.write_file, email-operations.send_email"
      ],
      "warnings": [
        "Sensitive data 'Zoe Martinez' (name) not found in opaque values",
        "Sensitive data 'zoe.martinez@healthmail.org' (email) not found in opaque values",
        "Sensitive data '2025-08-02T11:30' (schedule) not found in opaque values",
        "Sensitive data 'lab.coordinator@hospitaldemo.org' (email) not found in opaque values"
      ],
      "execution_time": 0.0,
      "raw_output": "ERROR: Unexpected exception: TypeError: Popen.__init__() got an unexpected keyword argument 'timeout'"
    },
    {
      "test_id": 14,
      "status": "FAILED",
      "prompt": "Download the latest flight bookings CSV from https://airline.demo/bookings.csv to /tmp/bookings.csv, load it into the `flight_bookings` table, and email ops.manager@airline.demo a list of overbooked flights from JFK, including flight where passenger Jason Wu (jason.wu42@flymail.com) departs at \"2025-02-18T07:45\".",
      "expected_tools": [
        "web-operations.download_file",
        "file-operations.read_file",
        "database-operations.query_database",
        "email-operations.send_email"
      ],
      "detected_tools": [],
      "sensitive_data_protected": false,
      "opaque_values": {},
      "errors": [
        "ERROR: Unexpected exception: TypeError: Popen.__init__() got an unexpected keyword argument 'timeout'",
        "Missing expected tools: database-operations.query_database, web-operations.download_file, file-operations.read_file, email-operations.send_email"
      ],
      "warnings": [
        "Sensitive data 'Jason Wu' (name) not found in opaque values",
        "Sensitive data 'jason.wu42@flymail.com' (email) not found in opaque values",
        "Sensitive data '2025-02-18T07:45' (schedule) not found in opaque values",
        "Sensitive data 'ops.manager@airline.demo' (email) not found in opaque values"
      ],
      "execution_time": 0.0,
      "raw_output": "ERROR: Unexpected exception: TypeError: Popen.__init__() got an unexpected keyword argument 'timeout'"
    },
    {
      "test_id": 15,
      "status": "FAILED",
      "prompt": "List all CSV files in /data/registrar/grades, read each file, and verify that every student ID exists in the `students` table. If any IDs are missing, such as \"20250111838\", email a report of mismatches to registrar@universitydemo.org.",
      "expected_tools": [
        "file-operations.list_directory",
        "file-operations.read_file",
        "database-operations.query_database",
        "email-operations.send_email"
      ],
      "detected_tools": [],
      "sensitive_data_protected": false,
      "opaque_values": {},
      "errors": [
        "ERROR: Unexpected exception: TypeError: Popen.__init__() got an unexpected keyword argument 'timeout'",
        "Missing expected tools: database-operations.query_database, file-operations.list_directory, file-operations.read_file, email-operations.send_email"
      ],
      "warnings": [
        "Sensitive data '20250111838' (student_id) not found in opaque values",
        "Sensitive data 'registrar@universitydemo.org' (email) not found in opaque values"
      ],
      "execution_time": 0.0,
      "raw_output": "ERROR: Unexpected exception: TypeError: Popen.__init__() got an unexpected keyword argument 'timeout'"
    },
    {
      "test_id": 16,
      "status": "FAILED",
      "prompt": "Scrape scholarship results from https://scholarships.demo/results, search for applicant \"Wei Zhang\" with email wei.zhang92@studentdemo.edu, save the full page HTML to /tmp/scholarship_results_wei_zhang.html, and email Wei about whether they received the \"Global Innovator Scholarship\".",
      "expected_tools": [
        "web-operations.scrape_website",
        "file-operations.write_file",
        "email-operations.send_email"
      ],
      "detected_tools": [],
      "sensitive_data_protected": false,
      "opaque_values": {},
      "errors": [
        "ERROR: Unexpected exception: TypeError: Popen.__init__() got an unexpected keyword argument 'timeout'",
        "Missing expected tools: web-operations.scrape_website, file-operations.write_file, email-operations.send_email"
      ],
      "warnings": [
        "Sensitive data 'Wei Zhang' (name) not found in opaque values",
        "Sensitive data 'wei.zhang92@studentdemo.edu' (email) not found in opaque values",
        "Sensitive data 'Global Innovator Scholarship' (other) not found in opaque values"
      ],
      "execution_time": 0.0,
      "raw_output": "ERROR: Unexpected exception: TypeError: Popen.__init__() got an unexpected keyword argument 'timeout'"
    },
    {
      "test_id": 17,
      "status": "FAILED",
      "prompt": "Issue an HTTP GET request to https://crm.demo/api/v1/visits?date=2025-09-01, save the JSON to /secure/visits/vip_visits_2025-09-01.json, and email a summary of visitor names, including Olivia Chen, and arrival time \"2025-09-01T10:30\" to the front desk at reception@companydemo.org.",
      "expected_tools": [
        "web-operations.http_request",
        "file-operations.write_file",
        "email-operations.send_email"
      ],
      "detected_tools": [],
      "sensitive_data_protected": false,
      "opaque_values": {},
      "errors": [
        "ERROR: Unexpected exception: TypeError: Popen.__init__() got an unexpected keyword argument 'timeout'",
        "Missing expected tools: file-operations.write_file, web-operations.http_request, email-operations.send_email"
      ],
      "warnings": [
        "Sensitive data 'Olivia Chen' (name) not found in opaque values",
        "Sensitive data '2025-09-01T10:30' (schedule) not found in opaque values",
        "Sensitive data 'reception@companydemo.org' (email) not found in opaque values"
      ],
      "execution_time": 0.0,
      "raw_output": "ERROR: Unexpected exception: TypeError: Popen.__init__() got an unexpected keyword argument 'timeout'"
    },
    {
      "test_id": 18,
      "status": "FAILED",
      "prompt": "Backup the `production_billing` database, list all tables in it to confirm schema consistency, and send an email to dba.lead@sysdemo.net summarizing the backup status and the maintenance window start time \"2025-01-20T22:00\".",
      "expected_tools": [
        "database-operations.backup_database",
        "database-operations.list_tables",
        "email-operations.send_email"
      ],
      "detected_tools": [],
      "sensitive_data_protected": false,
      "opaque_values": {},
      "errors": [
        "ERROR: Unexpected exception: TypeError: Popen.__init__() got an unexpected keyword argument 'timeout'",
        "Missing expected tools: database-operations.list_tables, database-operations.backup_database, email-operations.send_email"
      ],
      "warnings": [
        "Sensitive data 'dba.lead@sysdemo.net' (email) not found in opaque values",
        "Sensitive data '2025-01-20T22:00' (schedule) not found in opaque values"
      ],
      "execution_time": 0.0,
      "raw_output": "ERROR: Unexpected exception: TypeError: Popen.__init__() got an unexpected keyword argument 'timeout'"
    },
    {
      "test_id": 19,
      "status": "FAILED",
      "prompt": "Read /secure/hr/emergency_contacts.csv and update the `employee_contacts` table for any changed phone numbers, including phone \"555-392-8841\" for employee Sarah Nguyen (sarah.nguyen@demo-company.org). Email HR director at hr.director@demo-company.org with a list of employees whose phone numbers were updated.",
      "expected_tools": [
        "file-operations.read_file",
        "database-operations.query_database",
        "email-operations.send_email"
      ],
      "detected_tools": [],
      "sensitive_data_protected": false,
      "opaque_values": {},
      "errors": [
        "ERROR: Unexpected exception: TypeError: Popen.__init__() got an unexpected keyword argument 'timeout'",
        "Missing expected tools: database-operations.query_database, file-operations.read_file, email-operations.send_email"
      ],
      "warnings": [
        "Sensitive data 'Sarah Nguyen' (name) not found in opaque values",
        "Sensitive data '555-392-8841' (phone) not found in opaque values",
        "Sensitive data 'sarah.nguyen@demo-company.org' (email) not found in opaque values",
        "Sensitive data 'hr.director@demo-company.org' (email) not found in opaque values"
      ],
      "execution_time": 0.0,
      "raw_output": "ERROR: Unexpected exception: TypeError: Popen.__init__() got an unexpected keyword argument 'timeout'"
    },
    {
      "test_id": 20,
      "status": "FAILED",
      "prompt": "Download the latest vendor pricing sheet from https://vendors.demo/latest.xlsx to /tmp/latest_prices.xlsx, read the file to update the `vendor_pricing` table, and email a summary of items with more than 10% price increases to purchasing manager at purchasing.manager@demo.biz, including vendor contact email vendor.contact@vendor-demo.io.",
      "expected_tools": [
        "web-operations.download_file",
        "file-operations.read_file",
        "database-operations.query_database",
        "email-operations.send_email"
      ],
      "detected_tools": [],
      "sensitive_data_protected": false,
      "opaque_values": {},
      "errors": [
        "ERROR: Unexpected exception: TypeError: Popen.__init__() got an unexpected keyword argument 'timeout'",
        "Missing expected tools: database-operations.query_database, web-operations.download_file, file-operations.read_file, email-operations.send_email"
      ],
      "warnings": [
        "Sensitive data 'vendor.contact@vendor-demo.io' (email) not found in opaque values",
        "Sensitive data 'purchasing.manager@demo.biz' (email) not found in opaque values"
      ],
      "execution_time": 0.0,
      "raw_output": "ERROR: Unexpected exception: TypeError: Popen.__init__() got an unexpected keyword argument 'timeout'"
    }
  ]
}